{
"contracts/Lock.sol":{"l":{"14":13,"16":12,"17":12,"25":3,"26":2,"28":1,"30":1},"path":"/Users/francescosullo/Projects/Ape/turnup-contracts/contracts/Lock.sol","s":{"1":13,"2":3,"3":2,"4":1,"5":1},"b":{"1":[12,1],"2":[2,1],"3":[1,1]},"f":{"1":13,"2":3},"fnMap":{"1":{"name":"constructor","line":13,"loc":{"start":{"line":13,"column":2},"end":{"line":18,"column":2}}},"2":{"name":"withdraw","line":21,"loc":{"start":{"line":21,"column":2},"end":{"line":31,"column":2}}}},"statementMap":{"1":{"start":{"line":14,"column":4},"end":{"line":14,"column":80}},"2":{"start":{"line":25,"column":4},"end":{"line":25,"column":67}},"3":{"start":{"line":26,"column":4},"end":{"line":26,"column":55}},"4":{"start":{"line":28,"column":4},"end":{"line":28,"column":59}},"5":{"start":{"line":30,"column":4},"end":{"line":30,"column":40}}},"branchMap":{"1":{"line":14,"type":"if","locations":[{"start":{"line":14,"column":4},"end":{"line":14,"column":4}},{"start":{"line":14,"column":4},"end":{"line":14,"column":4}}]},"2":{"line":25,"type":"if","locations":[{"start":{"line":25,"column":4},"end":{"line":25,"column":4}},{"start":{"line":25,"column":4},"end":{"line":25,"column":4}}]},"3":{"line":26,"type":"if","locations":[{"start":{"line":26,"column":4},"end":{"line":26,"column":4}},{"start":{"line":26,"column":4},"end":{"line":26,"column":4}}]}}},
"contracts/TurnupSharesV4.sol":{"l":{"82":32,"83":32,"84":32,"85":32,"89":63,"93":21,"101":7,"107":17,"108":17,"114":16,"120":16,"128":49,"129":49,"132":49,"133":49,"140":49,"141":10,"143":2,"144":2,"146":37,"155":21,"156":21,"164":7,"165":7,"166":6,"174":13,"175":13,"176":13,"177":13,"185":4,"186":4,"187":4,"188":4,"194":47,"200":47,"207":15,"209":15,"211":15,"212":15,"213":15,"216":15,"218":15,"220":15,"221":4,"222":4,"223":4,"224":4,"225":4,"226":4,"228":1,"229":1,"230":1,"231":1,"232":1,"234":10,"235":10,"236":10,"237":10,"240":15,"249":16,"250":16,"251":16,"252":12,"254":16,"262":6,"263":5,"270":6,"271":6,"273":6,"274":6,"275":6,"277":6,"279":6,"280":1,"281":1,"282":1,"284":1,"285":1,"286":1,"287":1,"289":1,"291":0,"292":0,"293":0,"295":0,"296":0,"297":0,"299":0,"301":5,"302":5,"304":3,"305":3,"306":3,"307":3,"310":4,"320":4,"321":4,"322":4,"323":4,"324":3,"326":4,"335":1,"336":1,"337":2,"346":11,"347":11,"348":11,"350":11,"351":11,"352":11,"360":7,"361":5,"362":5,"364":4,"365":4,"367":4,"368":4,"370":4,"371":0,"372":0,"379":1,"381":1,"383":1,"384":1,"385":1,"386":1,"389":1,"390":1,"391":1,"392":1,"394":1,"396":1,"397":1,"399":1,"401":1,"402":1},"path":"/Users/francescosullo/Projects/Ape/turnup-contracts/contracts/TurnupSharesV4.sol","s":{"1":32,"2":32,"3":32,"4":63,"5":21,"6":7,"7":17,"8":49,"9":49,"10":49,"11":49,"12":49,"13":10,"14":39,"15":2,"16":2,"17":37,"18":21,"19":21,"20":7,"21":7,"22":6,"23":13,"24":13,"25":13,"26":13,"27":4,"28":4,"29":4,"30":4,"31":47,"32":47,"33":15,"34":15,"35":15,"36":15,"37":15,"38":15,"39":15,"40":15,"41":4,"42":4,"43":11,"44":1,"45":1,"46":10,"47":15,"48":16,"49":16,"50":16,"51":16,"52":6,"53":5,"54":6,"55":6,"56":6,"57":6,"58":6,"59":6,"60":6,"61":1,"62":1,"63":1,"64":1,"65":5,"66":0,"67":0,"68":0,"69":0,"70":5,"71":5,"72":3,"73":4,"74":4,"75":4,"76":4,"77":4,"78":4,"79":1,"80":1,"81":2,"82":11,"83":11,"84":11,"85":7,"86":5,"87":5,"88":4,"89":4,"90":0,"91":0,"92":1,"93":1,"94":1,"95":1,"96":1,"97":1,"98":1,"99":1,"100":1,"101":1,"102":1,"103":1,"104":1,"105":1},"b":{"1":[0,32],"2":[0,32],"3":[0,32],"4":[63,0],"5":[17,1],"6":[0,17],"7":[16,0],"8":[16,0],"9":[12,37],"10":[5,44],"11":[10,39],"12":[2,37],"13":[1,6],"14":[15,0],"15":[0,15],"16":[0,15],"17":[4,11],"18":[0,4],"19":[1,10],"20":[12,4],"21":[0,16],"22":[0,0],"23":[1,5],"24":[1,4],"25":[6,0],"26":[0,6],"27":[1,5],"28":[0,1],"29":[0,5],"30":[3,1],"31":[0,4],"32":[0,0],"33":[0,0],"34":[0,1],"35":[11,0],"36":[11,0],"37":[0,11],"38":[0,0],"39":[0,11],"40":[0,11],"41":[7,1],"42":[2,5],"43":[1,1],"44":[0,5],"45":[1,4],"46":[0,4],"47":[0,4],"48":[0,0],"49":[0,1],"50":[0,1],"51":[0,1],"52":[0,1],"53":[0,1]},"f":{"1":32,"2":63,"3":21,"4":7,"5":17,"6":16,"7":16,"8":49,"9":49,"10":21,"11":7,"12":13,"13":4,"14":47,"15":47,"16":15,"17":16,"18":6,"19":6,"20":4,"21":1,"22":11,"23":7,"24":1},"fnMap":{"1":{"name":"onlyIfSetup","line":81,"loc":{"start":{"line":81,"column":2},"end":{"line":86,"column":2}}},"2":{"name":"initialize","line":88,"loc":{"start":{"line":88,"column":2},"end":{"line":90,"column":2}}},"3":{"name":"getVer","line":92,"loc":{"start":{"line":92,"column":2},"end":{"line":94,"column":2}}},"4":{"name":"getWishBalanceOf","line":100,"loc":{"start":{"line":100,"column":2},"end":{"line":102,"column":2}}},"5":{"name":"setFeeDestination","line":106,"loc":{"start":{"line":106,"column":2},"end":{"line":109,"column":2}}},"6":{"name":"setProtocolFeePercent","line":113,"loc":{"start":{"line":113,"column":2},"end":{"line":115,"column":2}}},"7":{"name":"setSubjectFeePercent","line":119,"loc":{"start":{"line":119,"column":2},"end":{"line":121,"column":2}}},"8":{"name":"getPrice","line":127,"loc":{"start":{"line":127,"column":2},"end":{"line":134,"column":2}}},"9":{"name":"getSupply","line":139,"loc":{"start":{"line":139,"column":2},"end":{"line":148,"column":2}}},"10":{"name":"getBuyPrice","line":154,"loc":{"start":{"line":154,"column":2},"end":{"line":157,"column":2}}},"11":{"name":"getSellPrice","line":163,"loc":{"start":{"line":163,"column":2},"end":{"line":167,"column":2}}},"12":{"name":"getBuyPriceAfterFee","line":173,"loc":{"start":{"line":173,"column":2},"end":{"line":178,"column":2}}},"13":{"name":"getSellPriceAfterFee","line":184,"loc":{"start":{"line":184,"column":2},"end":{"line":189,"column":2}}},"14":{"name":"getProtocolFee","line":193,"loc":{"start":{"line":193,"column":2},"end":{"line":195,"column":2}}},"15":{"name":"getSubjectFee","line":199,"loc":{"start":{"line":199,"column":2},"end":{"line":201,"column":2}}},"16":{"name":"buyShares","line":206,"loc":{"start":{"line":206,"column":2},"end":{"line":241,"column":2}}},"17":{"name":"_sendBuyFunds","line":248,"loc":{"start":{"line":248,"column":2},"end":{"line":255,"column":2}}},"18":{"name":"_checkBalance","line":261,"loc":{"start":{"line":261,"column":2},"end":{"line":264,"column":2}}},"19":{"name":"sellShares","line":269,"loc":{"start":{"line":269,"column":2},"end":{"line":311,"column":2}}},"20":{"name":"_sendSellFunds","line":319,"loc":{"start":{"line":319,"column":2},"end":{"line":327,"column":2}}},"21":{"name":"batchBuyShares","line":334,"loc":{"start":{"line":334,"column":2},"end":{"line":339,"column":2}}},"22":{"name":"newWishPass","line":345,"loc":{"start":{"line":345,"column":2},"end":{"line":353,"column":2}}},"23":{"name":"bindWishPass","line":359,"loc":{"start":{"line":359,"column":2},"end":{"line":374,"column":2}}},"24":{"name":"claimReservedWishPass","line":378,"loc":{"start":{"line":378,"column":2},"end":{"line":403,"column":2}}}},"statementMap":{"1":{"start":{"line":82,"column":4},"end":{"line":82,"column":83}},"2":{"start":{"line":83,"column":4},"end":{"line":83,"column":66}},"3":{"start":{"line":84,"column":4},"end":{"line":84,"column":64}},"4":{"start":{"line":89,"column":4},"end":{"line":89,"column":19}},"5":{"start":{"line":93,"column":4},"end":{"line":93,"column":19}},"6":{"start":{"line":101,"column":4},"end":{"line":101,"column":52}},"7":{"start":{"line":107,"column":4},"end":{"line":107,"column":66}},"8":{"start":{"line":128,"column":4},"end":{"line":128,"column":91}},"9":{"start":{"line":129,"column":4},"end":{"line":129,"column":4117}},"10":{"start":{"line":132,"column":4},"end":{"line":132,"column":35}},"11":{"start":{"line":133,"column":4},"end":{"line":133,"column":39}},"12":{"start":{"line":140,"column":4},"end":{"line":140,"column":4483}},"13":{"start":{"line":141,"column":6},"end":{"line":141,"column":50}},"14":{"start":{"line":142,"column":11},"end":{"line":142,"column":4599}},"15":{"start":{"line":143,"column":6},"end":{"line":143,"column":54}},"16":{"start":{"line":144,"column":6},"end":{"line":144,"column":43}},"17":{"start":{"line":146,"column":6},"end":{"line":146,"column":40}},"18":{"start":{"line":155,"column":4},"end":{"line":155,"column":45}},"19":{"start":{"line":156,"column":4},"end":{"line":156,"column":35}},"20":{"start":{"line":164,"column":4},"end":{"line":164,"column":45}},"21":{"start":{"line":165,"column":4},"end":{"line":165,"column":47}},"22":{"start":{"line":166,"column":4},"end":{"line":166,"column":44}},"23":{"start":{"line":174,"column":4},"end":{"line":174,"column":54}},"24":{"start":{"line":175,"column":4},"end":{"line":175,"column":47}},"25":{"start":{"line":176,"column":4},"end":{"line":176,"column":45}},"26":{"start":{"line":177,"column":4},"end":{"line":177,"column":43}},"27":{"start":{"line":185,"column":4},"end":{"line":185,"column":55}},"28":{"start":{"line":186,"column":4},"end":{"line":186,"column":47}},"29":{"start":{"line":187,"column":4},"end":{"line":187,"column":45}},"30":{"start":{"line":188,"column":4},"end":{"line":188,"column":43}},"31":{"start":{"line":194,"column":4},"end":{"line":194,"column":49}},"32":{"start":{"line":200,"column":4},"end":{"line":200,"column":48}},"33":{"start":{"line":207,"column":4},"end":{"line":207,"column":45}},"34":{"start":{"line":209,"column":4},"end":{"line":209,"column":90}},"35":{"start":{"line":211,"column":4},"end":{"line":211,"column":44}},"36":{"start":{"line":212,"column":4},"end":{"line":212,"column":47}},"37":{"start":{"line":213,"column":4},"end":{"line":213,"column":45}},"38":{"start":{"line":216,"column":4},"end":{"line":216,"column":90}},"39":{"start":{"line":218,"column":4},"end":{"line":218,"column":27}},"40":{"start":{"line":220,"column":4},"end":{"line":220,"column":7948}},"41":{"start":{"line":221,"column":6},"end":{"line":221,"column":90}},"42":{"start":{"line":226,"column":6},"end":{"line":226,"column":55}},"43":{"start":{"line":227,"column":11},"end":{"line":227,"column":8381}},"44":{"start":{"line":229,"column":6},"end":{"line":229,"column":54}},"45":{"start":{"line":232,"column":6},"end":{"line":232,"column":58}},"46":{"start":{"line":237,"column":6},"end":{"line":237,"column":58}},"47":{"start":{"line":240,"column":4},"end":{"line":240,"column":117}},"48":{"start":{"line":249,"column":4},"end":{"line":249,"column":75}},"49":{"start":{"line":250,"column":4},"end":{"line":250,"column":24}},"50":{"start":{"line":251,"column":4},"end":{"line":251,"column":9487}},"51":{"start":{"line":254,"column":4},"end":{"line":254,"column":58}},"52":{"start":{"line":262,"column":4},"end":{"line":262,"column":51}},"53":{"start":{"line":263,"column":4},"end":{"line":263,"column":86}},"54":{"start":{"line":270,"column":4},"end":{"line":270,"column":45}},"55":{"start":{"line":271,"column":4},"end":{"line":271,"column":52}},"56":{"start":{"line":273,"column":4},"end":{"line":273,"column":53}},"57":{"start":{"line":274,"column":4},"end":{"line":274,"column":47}},"58":{"start":{"line":275,"column":4},"end":{"line":275,"column":45}},"59":{"start":{"line":277,"column":4},"end":{"line":277,"column":27}},"60":{"start":{"line":279,"column":4},"end":{"line":279,"column":10631}},"61":{"start":{"line":280,"column":6},"end":{"line":280,"column":90}},"62":{"start":{"line":281,"column":6},"end":{"line":281,"column":71}},"63":{"start":{"line":282,"column":6},"end":{"line":282,"column":50}},"64":{"start":{"line":289,"column":6},"end":{"line":289,"column":63}},"65":{"start":{"line":290,"column":11},"end":{"line":290,"column":11200}},"66":{"start":{"line":291,"column":6},"end":{"line":291,"column":54}},"67":{"start":{"line":292,"column":6},"end":{"line":292,"column":64}},"68":{"start":{"line":293,"column":6},"end":{"line":293,"column":50}},"69":{"start":{"line":299,"column":6},"end":{"line":299,"column":66}},"70":{"start":{"line":301,"column":6},"end":{"line":301,"column":64}},"71":{"start":{"line":302,"column":6},"end":{"line":302,"column":50}},"72":{"start":{"line":307,"column":6},"end":{"line":307,"column":66}},"73":{"start":{"line":310,"column":4},"end":{"line":310,"column":118}},"74":{"start":{"line":320,"column":4},"end":{"line":320,"column":84}},"75":{"start":{"line":321,"column":4},"end":{"line":321,"column":75}},"76":{"start":{"line":322,"column":4},"end":{"line":322,"column":24}},"77":{"start":{"line":323,"column":4},"end":{"line":323,"column":12709}},"78":{"start":{"line":326,"column":4},"end":{"line":326,"column":71}},"79":{"start":{"line":335,"column":4},"end":{"line":335,"column":69}},"80":{"start":{"line":336,"column":4},"end":{"line":336,"column":13388}},"81":{"start":{"line":337,"column":6},"end":{"line":337,"column":45}},"82":{"start":{"line":346,"column":4},"end":{"line":346,"column":88}},"83":{"start":{"line":347,"column":4},"end":{"line":347,"column":57}},"84":{"start":{"line":348,"column":4},"end":{"line":348,"column":70}},"85":{"start":{"line":360,"column":4},"end":{"line":360,"column":82}},"86":{"start":{"line":361,"column":4},"end":{"line":361,"column":65}},"87":{"start":{"line":362,"column":4},"end":{"line":362,"column":77}},"88":{"start":{"line":367,"column":4},"end":{"line":367,"column":75}},"89":{"start":{"line":370,"column":4},"end":{"line":370,"column":14959}},"90":{"start":{"line":371,"column":6},"end":{"line":371,"column":88}},"91":{"start":{"line":372,"column":6},"end":{"line":372,"column":48}},"92":{"start":{"line":379,"column":4},"end":{"line":379,"column":38}},"93":{"start":{"line":381,"column":4},"end":{"line":381,"column":76}},"94":{"start":{"line":383,"column":4},"end":{"line":383,"column":52}},"95":{"start":{"line":384,"column":4},"end":{"line":384,"column":64}},"96":{"start":{"line":385,"column":4},"end":{"line":385,"column":81}},"97":{"start":{"line":386,"column":4},"end":{"line":386,"column":79}},"98":{"start":{"line":389,"column":4},"end":{"line":389,"column":56}},"99":{"start":{"line":390,"column":4},"end":{"line":390,"column":39}},"100":{"start":{"line":391,"column":4},"end":{"line":391,"column":47}},"101":{"start":{"line":392,"column":4},"end":{"line":392,"column":45}},"102":{"start":{"line":394,"column":4},"end":{"line":394,"column":90}},"103":{"start":{"line":399,"column":4},"end":{"line":399,"column":56}},"104":{"start":{"line":401,"column":4},"end":{"line":401,"column":51}},"105":{"start":{"line":402,"column":4},"end":{"line":402,"column":113}}},"branchMap":{"1":{"line":82,"type":"if","locations":[{"start":{"line":82,"column":4},"end":{"line":82,"column":4}},{"start":{"line":82,"column":4},"end":{"line":82,"column":4}}]},"2":{"line":83,"type":"if","locations":[{"start":{"line":83,"column":4},"end":{"line":83,"column":4}},{"start":{"line":83,"column":4},"end":{"line":83,"column":4}}]},"3":{"line":84,"type":"if","locations":[{"start":{"line":84,"column":4},"end":{"line":84,"column":4}},{"start":{"line":84,"column":4},"end":{"line":84,"column":4}}]},"4":{"line":88,"type":"if","locations":[{"start":{"line":88,"column":31},"end":{"line":88,"column":31}},{"start":{"line":88,"column":31},"end":{"line":88,"column":31}}]},"5":{"line":106,"type":"if","locations":[{"start":{"line":106,"column":69},"end":{"line":106,"column":69}},{"start":{"line":106,"column":69},"end":{"line":106,"column":69}}]},"6":{"line":107,"type":"if","locations":[{"start":{"line":107,"column":4},"end":{"line":107,"column":4}},{"start":{"line":107,"column":4},"end":{"line":107,"column":4}}]},"7":{"line":113,"type":"if","locations":[{"start":{"line":113,"column":69},"end":{"line":113,"column":69}},{"start":{"line":113,"column":69},"end":{"line":113,"column":69}}]},"8":{"line":119,"type":"if","locations":[{"start":{"line":119,"column":68},"end":{"line":119,"column":68}},{"start":{"line":119,"column":68},"end":{"line":119,"column":68}}]},"9":{"line":128,"type":"if","locations":[{"start":{"line":128,"column":33},"end":{"line":128,"column":33}},{"start":{"line":128,"column":37},"end":{"line":128,"column":90}}]},"10":{"line":130,"type":"if","locations":[{"start":{"line":130,"column":8},"end":{"line":130,"column":8}},{"start":{"line":131,"column":8},"end":{"line":131,"column":88}}]},"11":{"line":140,"type":"if","locations":[{"start":{"line":140,"column":4},"end":{"line":140,"column":4}},{"start":{"line":140,"column":4},"end":{"line":140,"column":4}}]},"12":{"line":142,"type":"if","locations":[{"start":{"line":142,"column":11},"end":{"line":142,"column":11}},{"start":{"line":142,"column":11},"end":{"line":142,"column":11}}]},"13":{"line":165,"type":"if","locations":[{"start":{"line":165,"column":4},"end":{"line":165,"column":4}},{"start":{"line":165,"column":4},"end":{"line":165,"column":4}}]},"14":{"line":206,"type":"if","locations":[{"start":{"line":206,"column":83},"end":{"line":206,"column":83}},{"start":{"line":206,"column":83},"end":{"line":206,"column":83}}]},"15":{"line":209,"type":"if","locations":[{"start":{"line":209,"column":4},"end":{"line":209,"column":4}},{"start":{"line":209,"column":4},"end":{"line":209,"column":4}}]},"16":{"line":216,"type":"if","locations":[{"start":{"line":216,"column":4},"end":{"line":216,"column":4}},{"start":{"line":216,"column":4},"end":{"line":216,"column":4}}]},"17":{"line":220,"type":"if","locations":[{"start":{"line":220,"column":4},"end":{"line":220,"column":4}},{"start":{"line":220,"column":4},"end":{"line":220,"column":4}}]},"18":{"line":221,"type":"if","locations":[{"start":{"line":221,"column":6},"end":{"line":221,"column":6}},{"start":{"line":221,"column":6},"end":{"line":221,"column":6}}]},"19":{"line":227,"type":"if","locations":[{"start":{"line":227,"column":11},"end":{"line":227,"column":11}},{"start":{"line":227,"column":11},"end":{"line":227,"column":11}}]},"20":{"line":251,"type":"if","locations":[{"start":{"line":251,"column":4},"end":{"line":251,"column":4}},{"start":{"line":251,"column":4},"end":{"line":251,"column":4}}]},"21":{"line":254,"type":"if","locations":[{"start":{"line":254,"column":4},"end":{"line":254,"column":4}},{"start":{"line":254,"column":4},"end":{"line":254,"column":4}}]},"22":{"line":254,"type":"cond-expr","locations":[{"start":{"line":254,"column":8},"end":{"line":254,"column":16}},{"start":{"line":254,"column":21},"end":{"line":254,"column":29}}]},"23":{"line":262,"type":"if","locations":[{"start":{"line":262,"column":4},"end":{"line":262,"column":4}},{"start":{"line":262,"column":4},"end":{"line":262,"column":4}}]},"24":{"line":263,"type":"if","locations":[{"start":{"line":263,"column":4},"end":{"line":263,"column":4}},{"start":{"line":263,"column":4},"end":{"line":263,"column":4}}]},"25":{"line":269,"type":"if","locations":[{"start":{"line":269,"column":76},"end":{"line":269,"column":76}},{"start":{"line":269,"column":76},"end":{"line":269,"column":76}}]},"26":{"line":271,"type":"if","locations":[{"start":{"line":271,"column":4},"end":{"line":271,"column":4}},{"start":{"line":271,"column":4},"end":{"line":271,"column":4}}]},"27":{"line":279,"type":"if","locations":[{"start":{"line":279,"column":4},"end":{"line":279,"column":4}},{"start":{"line":279,"column":4},"end":{"line":279,"column":4}}]},"28":{"line":280,"type":"if","locations":[{"start":{"line":280,"column":6},"end":{"line":280,"column":6}},{"start":{"line":280,"column":6},"end":{"line":280,"column":6}}]},"29":{"line":290,"type":"if","locations":[{"start":{"line":290,"column":11},"end":{"line":290,"column":11}},{"start":{"line":290,"column":11},"end":{"line":290,"column":11}}]},"30":{"line":323,"type":"if","locations":[{"start":{"line":323,"column":4},"end":{"line":323,"column":4}},{"start":{"line":323,"column":4},"end":{"line":323,"column":4}}]},"31":{"line":326,"type":"if","locations":[{"start":{"line":326,"column":4},"end":{"line":326,"column":4}},{"start":{"line":326,"column":4},"end":{"line":326,"column":4}}]},"32":{"line":326,"type":"cond-expr","locations":[{"start":{"line":326,"column":8},"end":{"line":326,"column":16}},{"start":{"line":326,"column":21},"end":{"line":326,"column":29}}]},"33":{"line":326,"type":"cond-expr","locations":[{"start":{"line":326,"column":8},"end":{"line":326,"column":29}},{"start":{"line":326,"column":34},"end":{"line":326,"column":42}}]},"34":{"line":335,"type":"if","locations":[{"start":{"line":335,"column":4},"end":{"line":335,"column":4}},{"start":{"line":335,"column":4},"end":{"line":335,"column":4}}]},"35":{"line":345,"type":"if","locations":[{"start":{"line":345,"column":82},"end":{"line":345,"column":82}},{"start":{"line":345,"column":82},"end":{"line":345,"column":82}}]},"36":{"line":345,"type":"if","locations":[{"start":{"line":345,"column":92},"end":{"line":345,"column":92}},{"start":{"line":345,"column":92},"end":{"line":345,"column":92}}]},"37":{"line":346,"type":"if","locations":[{"start":{"line":346,"column":4},"end":{"line":346,"column":4}},{"start":{"line":346,"column":4},"end":{"line":346,"column":4}}]},"38":{"line":346,"type":"cond-expr","locations":[{"start":{"line":346,"column":8},"end":{"line":346,"column":28}},{"start":{"line":346,"column":33},"end":{"line":346,"column":53}}]},"39":{"line":347,"type":"if","locations":[{"start":{"line":347,"column":4},"end":{"line":347,"column":4}},{"start":{"line":347,"column":4},"end":{"line":347,"column":4}}]},"40":{"line":348,"type":"if","locations":[{"start":{"line":348,"column":4},"end":{"line":348,"column":4}},{"start":{"line":348,"column":4},"end":{"line":348,"column":4}}]},"41":{"line":359,"type":"if","locations":[{"start":{"line":359,"column":80},"end":{"line":359,"column":80}},{"start":{"line":359,"column":80},"end":{"line":359,"column":80}}]},"42":{"line":360,"type":"if","locations":[{"start":{"line":360,"column":4},"end":{"line":360,"column":4}},{"start":{"line":360,"column":4},"end":{"line":360,"column":4}}]},"43":{"line":360,"type":"cond-expr","locations":[{"start":{"line":360,"column":8},"end":{"line":360,"column":34}},{"start":{"line":360,"column":39},"end":{"line":360,"column":58}}]},"44":{"line":361,"type":"if","locations":[{"start":{"line":361,"column":4},"end":{"line":361,"column":4}},{"start":{"line":361,"column":4},"end":{"line":361,"column":4}}]},"45":{"line":362,"type":"if","locations":[{"start":{"line":362,"column":4},"end":{"line":362,"column":4}},{"start":{"line":362,"column":4},"end":{"line":362,"column":4}}]},"46":{"line":367,"type":"if","locations":[{"start":{"line":367,"column":4},"end":{"line":367,"column":4}},{"start":{"line":367,"column":4},"end":{"line":367,"column":4}}]},"47":{"line":370,"type":"if","locations":[{"start":{"line":370,"column":4},"end":{"line":370,"column":4}},{"start":{"line":370,"column":4},"end":{"line":370,"column":4}}]},"48":{"line":372,"type":"if","locations":[{"start":{"line":372,"column":6},"end":{"line":372,"column":6}},{"start":{"line":372,"column":6},"end":{"line":372,"column":6}}]},"49":{"line":381,"type":"if","locations":[{"start":{"line":381,"column":4},"end":{"line":381,"column":4}},{"start":{"line":381,"column":4},"end":{"line":381,"column":4}}]},"50":{"line":384,"type":"if","locations":[{"start":{"line":384,"column":4},"end":{"line":384,"column":4}},{"start":{"line":384,"column":4},"end":{"line":384,"column":4}}]},"51":{"line":385,"type":"if","locations":[{"start":{"line":385,"column":4},"end":{"line":385,"column":4}},{"start":{"line":385,"column":4},"end":{"line":385,"column":4}}]},"52":{"line":386,"type":"if","locations":[{"start":{"line":386,"column":4},"end":{"line":386,"column":4}},{"start":{"line":386,"column":4},"end":{"line":386,"column":4}}]},"53":{"line":394,"type":"if","locations":[{"start":{"line":394,"column":4},"end":{"line":394,"column":4}},{"start":{"line":394,"column":4},"end":{"line":394,"column":4}}]}}}}
