{
"contracts/Lock.sol":{"l":{"14":13,"16":12,"17":12,"25":3,"26":2,"28":1,"30":1},"path":"/Users/francescosullo/Projects/Ape/turnup-contracts/contracts/Lock.sol","s":{"1":13,"2":3,"3":2,"4":1,"5":1},"b":{"1":[12,1],"2":[2,1],"3":[1,1]},"f":{"1":13,"2":3},"fnMap":{"1":{"name":"constructor","line":13,"loc":{"start":{"line":13,"column":2},"end":{"line":18,"column":2}}},"2":{"name":"withdraw","line":21,"loc":{"start":{"line":21,"column":2},"end":{"line":31,"column":2}}}},"statementMap":{"1":{"start":{"line":14,"column":4},"end":{"line":14,"column":80}},"2":{"start":{"line":25,"column":4},"end":{"line":25,"column":67}},"3":{"start":{"line":26,"column":4},"end":{"line":26,"column":55}},"4":{"start":{"line":28,"column":4},"end":{"line":28,"column":59}},"5":{"start":{"line":30,"column":4},"end":{"line":30,"column":40}}},"branchMap":{"1":{"line":14,"type":"if","locations":[{"start":{"line":14,"column":4},"end":{"line":14,"column":4}},{"start":{"line":14,"column":4},"end":{"line":14,"column":4}}]},"2":{"line":25,"type":"if","locations":[{"start":{"line":25,"column":4},"end":{"line":25,"column":4}},{"start":{"line":25,"column":4},"end":{"line":25,"column":4}}]},"3":{"line":26,"type":"if","locations":[{"start":{"line":26,"column":4},"end":{"line":26,"column":4}},{"start":{"line":26,"column":4},"end":{"line":26,"column":4}}]}}},
"contracts/TurnupSharesV3.sol":{"l":{"81":27,"82":27,"83":27,"84":27,"88":54,"89":54,"95":18,"103":4,"109":14,"110":14,"116":13,"122":13,"130":42,"131":42,"134":42,"135":42,"142":43,"143":8,"145":0,"146":0,"148":35,"157":17,"158":17,"166":7,"167":7,"168":6,"176":13,"177":13,"178":13,"179":13,"187":4,"188":4,"189":4,"190":4,"196":40,"202":40,"209":13,"211":13,"213":13,"214":13,"215":13,"218":13,"220":13,"222":13,"223":3,"224":3,"225":3,"226":3,"227":3,"228":3,"230":0,"231":0,"232":0,"233":0,"234":0,"236":10,"237":10,"238":10,"239":10,"242":13,"251":13,"252":13,"253":13,"254":10,"256":13,"264":6,"265":5,"272":6,"273":6,"275":6,"276":6,"277":6,"279":6,"281":6,"282":1,"283":1,"284":1,"286":1,"287":1,"288":1,"289":1,"291":1,"293":0,"294":0,"295":0,"297":0,"298":0,"299":0,"301":0,"303":5,"304":5,"306":3,"307":3,"308":3,"309":3,"312":4,"322":4,"323":4,"324":4,"325":4,"326":3,"328":4,"337":1,"338":1,"339":2,"348":8,"349":8,"350":8,"352":8,"353":8,"354":8,"362":5,"363":3,"364":3,"366":2,"367":2,"369":2,"370":2,"372":2,"373":0,"374":0,"381":0,"382":0,"384":0,"385":0,"386":0,"387":0,"388":0,"390":0,"391":0,"392":0,"393":0,"395":0,"397":0,"398":0,"400":0,"402":0,"403":0},"path":"/Users/francescosullo/Projects/Ape/turnup-contracts/contracts/TurnupSharesV3.sol","s":{"1":27,"2":27,"3":27,"4":54,"5":54,"6":18,"7":4,"8":14,"9":42,"10":42,"11":42,"12":42,"13":43,"14":8,"15":35,"16":0,"17":0,"18":35,"19":17,"20":17,"21":7,"22":7,"23":6,"24":13,"25":13,"26":13,"27":13,"28":4,"29":4,"30":4,"31":4,"32":40,"33":40,"34":13,"35":13,"36":13,"37":13,"38":13,"39":13,"40":13,"41":13,"42":3,"43":3,"44":10,"45":0,"46":0,"47":10,"48":13,"49":13,"50":13,"51":13,"52":13,"53":6,"54":5,"55":6,"56":6,"57":6,"58":6,"59":6,"60":6,"61":6,"62":1,"63":1,"64":1,"65":1,"66":5,"67":0,"68":0,"69":0,"70":0,"71":5,"72":5,"73":3,"74":4,"75":4,"76":4,"77":4,"78":4,"79":4,"80":1,"81":1,"82":2,"83":8,"84":8,"85":8,"86":5,"87":3,"88":3,"89":2,"90":2,"91":0,"92":0,"93":0,"94":0,"95":0,"96":0,"97":0,"98":0,"99":0,"100":0,"101":0,"102":0,"103":0,"104":0,"105":0,"106":0,"107":0},"b":{"1":[0,27],"2":[0,27],"3":[0,27],"4":[54,0],"5":[0,1],"6":[14,1],"7":[0,14],"8":[13,0],"9":[13,0],"10":[9,33],"11":[4,38],"12":[8,35],"13":[0,35],"14":[1,6],"15":[13,0],"16":[0,13],"17":[0,13],"18":[3,10],"19":[0,3],"20":[0,10],"21":[10,3],"22":[0,13],"23":[0,0],"24":[1,5],"25":[1,4],"26":[6,0],"27":[0,6],"28":[1,5],"29":[0,1],"30":[0,5],"31":[3,1],"32":[0,4],"33":[0,0],"34":[0,0],"35":[0,1],"36":[8,0],"37":[8,0],"38":[0,8],"39":[0,8],"40":[0,8],"41":[5,1],"42":[2,3],"43":[0,3],"44":[1,2],"45":[0,2],"46":[0,2],"47":[0,0],"48":[0,0],"49":[0,0],"50":[0,0],"51":[0,0],"52":[0,0],"53":[0,0]},"f":{"1":27,"2":54,"3":0,"4":18,"5":4,"6":14,"7":13,"8":13,"9":42,"10":43,"11":17,"12":7,"13":13,"14":4,"15":40,"16":40,"17":13,"18":13,"19":6,"20":6,"21":4,"22":1,"23":8,"24":5,"25":0},"fnMap":{"1":{"name":"onlyIfSetup","line":80,"loc":{"start":{"line":80,"column":2},"end":{"line":85,"column":2}}},"2":{"name":"initialize","line":87,"loc":{"start":{"line":87,"column":2},"end":{"line":90,"column":2}}},"3":{"name":"_authorizeUpgrade","line":92,"loc":{"start":{"line":92,"column":2},"end":{"line":92,"column":94}}},"4":{"name":"getVer","line":94,"loc":{"start":{"line":94,"column":2},"end":{"line":96,"column":2}}},"5":{"name":"getWishBalanceOf","line":102,"loc":{"start":{"line":102,"column":2},"end":{"line":104,"column":2}}},"6":{"name":"setFeeDestination","line":108,"loc":{"start":{"line":108,"column":2},"end":{"line":111,"column":2}}},"7":{"name":"setProtocolFeePercent","line":115,"loc":{"start":{"line":115,"column":2},"end":{"line":117,"column":2}}},"8":{"name":"setSubjectFeePercent","line":121,"loc":{"start":{"line":121,"column":2},"end":{"line":123,"column":2}}},"9":{"name":"getPrice","line":129,"loc":{"start":{"line":129,"column":2},"end":{"line":136,"column":2}}},"10":{"name":"getSupply","line":141,"loc":{"start":{"line":141,"column":2},"end":{"line":150,"column":2}}},"11":{"name":"getBuyPrice","line":156,"loc":{"start":{"line":156,"column":2},"end":{"line":159,"column":2}}},"12":{"name":"getSellPrice","line":165,"loc":{"start":{"line":165,"column":2},"end":{"line":169,"column":2}}},"13":{"name":"getBuyPriceAfterFee","line":175,"loc":{"start":{"line":175,"column":2},"end":{"line":180,"column":2}}},"14":{"name":"getSellPriceAfterFee","line":186,"loc":{"start":{"line":186,"column":2},"end":{"line":191,"column":2}}},"15":{"name":"getProtocolFee","line":195,"loc":{"start":{"line":195,"column":2},"end":{"line":197,"column":2}}},"16":{"name":"getSubjectFee","line":201,"loc":{"start":{"line":201,"column":2},"end":{"line":203,"column":2}}},"17":{"name":"buyShares","line":208,"loc":{"start":{"line":208,"column":2},"end":{"line":243,"column":2}}},"18":{"name":"_sendBuyFunds","line":250,"loc":{"start":{"line":250,"column":2},"end":{"line":257,"column":2}}},"19":{"name":"_checkBalance","line":263,"loc":{"start":{"line":263,"column":2},"end":{"line":266,"column":2}}},"20":{"name":"sellShares","line":271,"loc":{"start":{"line":271,"column":2},"end":{"line":313,"column":2}}},"21":{"name":"_sendSellFunds","line":321,"loc":{"start":{"line":321,"column":2},"end":{"line":329,"column":2}}},"22":{"name":"batchBuyShares","line":336,"loc":{"start":{"line":336,"column":2},"end":{"line":341,"column":2}}},"23":{"name":"newWishPass","line":347,"loc":{"start":{"line":347,"column":2},"end":{"line":355,"column":2}}},"24":{"name":"bindWishPass","line":361,"loc":{"start":{"line":361,"column":2},"end":{"line":376,"column":2}}},"25":{"name":"claimReservedWishPass","line":380,"loc":{"start":{"line":380,"column":2},"end":{"line":404,"column":2}}}},"statementMap":{"1":{"start":{"line":81,"column":4},"end":{"line":81,"column":83}},"2":{"start":{"line":82,"column":4},"end":{"line":82,"column":66}},"3":{"start":{"line":83,"column":4},"end":{"line":83,"column":64}},"4":{"start":{"line":88,"column":4},"end":{"line":88,"column":19}},"5":{"start":{"line":89,"column":4},"end":{"line":89,"column":27}},"6":{"start":{"line":95,"column":4},"end":{"line":95,"column":19}},"7":{"start":{"line":103,"column":4},"end":{"line":103,"column":52}},"8":{"start":{"line":109,"column":4},"end":{"line":109,"column":66}},"9":{"start":{"line":130,"column":4},"end":{"line":130,"column":91}},"10":{"start":{"line":131,"column":4},"end":{"line":131,"column":4227}},"11":{"start":{"line":134,"column":4},"end":{"line":134,"column":35}},"12":{"start":{"line":135,"column":4},"end":{"line":135,"column":39}},"13":{"start":{"line":142,"column":4},"end":{"line":142,"column":4593}},"14":{"start":{"line":143,"column":6},"end":{"line":143,"column":50}},"15":{"start":{"line":144,"column":11},"end":{"line":144,"column":4709}},"16":{"start":{"line":145,"column":6},"end":{"line":145,"column":54}},"17":{"start":{"line":146,"column":6},"end":{"line":146,"column":43}},"18":{"start":{"line":148,"column":6},"end":{"line":148,"column":40}},"19":{"start":{"line":157,"column":4},"end":{"line":157,"column":45}},"20":{"start":{"line":158,"column":4},"end":{"line":158,"column":35}},"21":{"start":{"line":166,"column":4},"end":{"line":166,"column":45}},"22":{"start":{"line":167,"column":4},"end":{"line":167,"column":47}},"23":{"start":{"line":168,"column":4},"end":{"line":168,"column":44}},"24":{"start":{"line":176,"column":4},"end":{"line":176,"column":54}},"25":{"start":{"line":177,"column":4},"end":{"line":177,"column":47}},"26":{"start":{"line":178,"column":4},"end":{"line":178,"column":45}},"27":{"start":{"line":179,"column":4},"end":{"line":179,"column":43}},"28":{"start":{"line":187,"column":4},"end":{"line":187,"column":55}},"29":{"start":{"line":188,"column":4},"end":{"line":188,"column":47}},"30":{"start":{"line":189,"column":4},"end":{"line":189,"column":45}},"31":{"start":{"line":190,"column":4},"end":{"line":190,"column":43}},"32":{"start":{"line":196,"column":4},"end":{"line":196,"column":49}},"33":{"start":{"line":202,"column":4},"end":{"line":202,"column":48}},"34":{"start":{"line":209,"column":4},"end":{"line":209,"column":45}},"35":{"start":{"line":211,"column":4},"end":{"line":211,"column":90}},"36":{"start":{"line":213,"column":4},"end":{"line":213,"column":44}},"37":{"start":{"line":214,"column":4},"end":{"line":214,"column":47}},"38":{"start":{"line":215,"column":4},"end":{"line":215,"column":45}},"39":{"start":{"line":218,"column":4},"end":{"line":218,"column":94}},"40":{"start":{"line":220,"column":4},"end":{"line":220,"column":27}},"41":{"start":{"line":222,"column":4},"end":{"line":222,"column":8062}},"42":{"start":{"line":223,"column":6},"end":{"line":223,"column":90}},"43":{"start":{"line":228,"column":6},"end":{"line":228,"column":55}},"44":{"start":{"line":229,"column":11},"end":{"line":229,"column":8495}},"45":{"start":{"line":231,"column":6},"end":{"line":231,"column":54}},"46":{"start":{"line":234,"column":6},"end":{"line":234,"column":58}},"47":{"start":{"line":239,"column":6},"end":{"line":239,"column":58}},"48":{"start":{"line":242,"column":4},"end":{"line":242,"column":117}},"49":{"start":{"line":251,"column":4},"end":{"line":251,"column":75}},"50":{"start":{"line":252,"column":4},"end":{"line":252,"column":24}},"51":{"start":{"line":253,"column":4},"end":{"line":253,"column":9601}},"52":{"start":{"line":256,"column":4},"end":{"line":256,"column":58}},"53":{"start":{"line":264,"column":4},"end":{"line":264,"column":51}},"54":{"start":{"line":265,"column":4},"end":{"line":265,"column":86}},"55":{"start":{"line":272,"column":4},"end":{"line":272,"column":45}},"56":{"start":{"line":273,"column":4},"end":{"line":273,"column":52}},"57":{"start":{"line":275,"column":4},"end":{"line":275,"column":53}},"58":{"start":{"line":276,"column":4},"end":{"line":276,"column":47}},"59":{"start":{"line":277,"column":4},"end":{"line":277,"column":45}},"60":{"start":{"line":279,"column":4},"end":{"line":279,"column":27}},"61":{"start":{"line":281,"column":4},"end":{"line":281,"column":10753}},"62":{"start":{"line":282,"column":6},"end":{"line":282,"column":90}},"63":{"start":{"line":283,"column":6},"end":{"line":283,"column":71}},"64":{"start":{"line":284,"column":6},"end":{"line":284,"column":50}},"65":{"start":{"line":291,"column":6},"end":{"line":291,"column":63}},"66":{"start":{"line":292,"column":11},"end":{"line":292,"column":11322}},"67":{"start":{"line":293,"column":6},"end":{"line":293,"column":54}},"68":{"start":{"line":294,"column":6},"end":{"line":294,"column":64}},"69":{"start":{"line":295,"column":6},"end":{"line":295,"column":50}},"70":{"start":{"line":301,"column":6},"end":{"line":301,"column":66}},"71":{"start":{"line":303,"column":6},"end":{"line":303,"column":64}},"72":{"start":{"line":304,"column":6},"end":{"line":304,"column":50}},"73":{"start":{"line":309,"column":6},"end":{"line":309,"column":66}},"74":{"start":{"line":312,"column":4},"end":{"line":312,"column":118}},"75":{"start":{"line":322,"column":4},"end":{"line":322,"column":84}},"76":{"start":{"line":323,"column":4},"end":{"line":323,"column":75}},"77":{"start":{"line":324,"column":4},"end":{"line":324,"column":24}},"78":{"start":{"line":325,"column":4},"end":{"line":325,"column":12831}},"79":{"start":{"line":328,"column":4},"end":{"line":328,"column":71}},"80":{"start":{"line":337,"column":4},"end":{"line":337,"column":69}},"81":{"start":{"line":338,"column":4},"end":{"line":338,"column":13510}},"82":{"start":{"line":339,"column":6},"end":{"line":339,"column":45}},"83":{"start":{"line":348,"column":4},"end":{"line":348,"column":91}},"84":{"start":{"line":349,"column":4},"end":{"line":349,"column":57}},"85":{"start":{"line":350,"column":4},"end":{"line":350,"column":70}},"86":{"start":{"line":362,"column":4},"end":{"line":362,"column":85}},"87":{"start":{"line":363,"column":4},"end":{"line":363,"column":65}},"88":{"start":{"line":364,"column":4},"end":{"line":364,"column":77}},"89":{"start":{"line":369,"column":4},"end":{"line":369,"column":75}},"90":{"start":{"line":372,"column":4},"end":{"line":372,"column":15087}},"91":{"start":{"line":373,"column":6},"end":{"line":373,"column":88}},"92":{"start":{"line":374,"column":6},"end":{"line":374,"column":48}},"93":{"start":{"line":381,"column":4},"end":{"line":381,"column":38}},"94":{"start":{"line":382,"column":4},"end":{"line":382,"column":76}},"95":{"start":{"line":384,"column":4},"end":{"line":384,"column":52}},"96":{"start":{"line":385,"column":4},"end":{"line":385,"column":70}},"97":{"start":{"line":386,"column":4},"end":{"line":386,"column":81}},"98":{"start":{"line":387,"column":4},"end":{"line":387,"column":79}},"99":{"start":{"line":388,"column":4},"end":{"line":388,"column":82}},"100":{"start":{"line":390,"column":4},"end":{"line":390,"column":56}},"101":{"start":{"line":391,"column":4},"end":{"line":391,"column":39}},"102":{"start":{"line":392,"column":4},"end":{"line":392,"column":47}},"103":{"start":{"line":393,"column":4},"end":{"line":393,"column":45}},"104":{"start":{"line":395,"column":4},"end":{"line":395,"column":94}},"105":{"start":{"line":400,"column":4},"end":{"line":400,"column":56}},"106":{"start":{"line":402,"column":4},"end":{"line":402,"column":51}},"107":{"start":{"line":403,"column":4},"end":{"line":403,"column":113}}},"branchMap":{"1":{"line":81,"type":"if","locations":[{"start":{"line":81,"column":4},"end":{"line":81,"column":4}},{"start":{"line":81,"column":4},"end":{"line":81,"column":4}}]},"2":{"line":82,"type":"if","locations":[{"start":{"line":82,"column":4},"end":{"line":82,"column":4}},{"start":{"line":82,"column":4},"end":{"line":82,"column":4}}]},"3":{"line":83,"type":"if","locations":[{"start":{"line":83,"column":4},"end":{"line":83,"column":4}},{"start":{"line":83,"column":4},"end":{"line":83,"column":4}}]},"4":{"line":87,"type":"if","locations":[{"start":{"line":87,"column":31},"end":{"line":87,"column":31}},{"start":{"line":87,"column":31},"end":{"line":87,"column":31}}]},"5":{"line":92,"type":"if","locations":[{"start":{"line":92,"column":83},"end":{"line":92,"column":83}},{"start":{"line":92,"column":83},"end":{"line":92,"column":83}}]},"6":{"line":108,"type":"if","locations":[{"start":{"line":108,"column":69},"end":{"line":108,"column":69}},{"start":{"line":108,"column":69},"end":{"line":108,"column":69}}]},"7":{"line":109,"type":"if","locations":[{"start":{"line":109,"column":4},"end":{"line":109,"column":4}},{"start":{"line":109,"column":4},"end":{"line":109,"column":4}}]},"8":{"line":115,"type":"if","locations":[{"start":{"line":115,"column":69},"end":{"line":115,"column":69}},{"start":{"line":115,"column":69},"end":{"line":115,"column":69}}]},"9":{"line":121,"type":"if","locations":[{"start":{"line":121,"column":68},"end":{"line":121,"column":68}},{"start":{"line":121,"column":68},"end":{"line":121,"column":68}}]},"10":{"line":130,"type":"if","locations":[{"start":{"line":130,"column":33},"end":{"line":130,"column":33}},{"start":{"line":130,"column":37},"end":{"line":130,"column":90}}]},"11":{"line":132,"type":"if","locations":[{"start":{"line":132,"column":8},"end":{"line":132,"column":8}},{"start":{"line":133,"column":8},"end":{"line":133,"column":88}}]},"12":{"line":142,"type":"if","locations":[{"start":{"line":142,"column":4},"end":{"line":142,"column":4}},{"start":{"line":142,"column":4},"end":{"line":142,"column":4}}]},"13":{"line":144,"type":"if","locations":[{"start":{"line":144,"column":11},"end":{"line":144,"column":11}},{"start":{"line":144,"column":11},"end":{"line":144,"column":11}}]},"14":{"line":167,"type":"if","locations":[{"start":{"line":167,"column":4},"end":{"line":167,"column":4}},{"start":{"line":167,"column":4},"end":{"line":167,"column":4}}]},"15":{"line":208,"type":"if","locations":[{"start":{"line":208,"column":83},"end":{"line":208,"column":83}},{"start":{"line":208,"column":83},"end":{"line":208,"column":83}}]},"16":{"line":211,"type":"if","locations":[{"start":{"line":211,"column":4},"end":{"line":211,"column":4}},{"start":{"line":211,"column":4},"end":{"line":211,"column":4}}]},"17":{"line":218,"type":"if","locations":[{"start":{"line":218,"column":4},"end":{"line":218,"column":4}},{"start":{"line":218,"column":4},"end":{"line":218,"column":4}}]},"18":{"line":222,"type":"if","locations":[{"start":{"line":222,"column":4},"end":{"line":222,"column":4}},{"start":{"line":222,"column":4},"end":{"line":222,"column":4}}]},"19":{"line":223,"type":"if","locations":[{"start":{"line":223,"column":6},"end":{"line":223,"column":6}},{"start":{"line":223,"column":6},"end":{"line":223,"column":6}}]},"20":{"line":229,"type":"if","locations":[{"start":{"line":229,"column":11},"end":{"line":229,"column":11}},{"start":{"line":229,"column":11},"end":{"line":229,"column":11}}]},"21":{"line":253,"type":"if","locations":[{"start":{"line":253,"column":4},"end":{"line":253,"column":4}},{"start":{"line":253,"column":4},"end":{"line":253,"column":4}}]},"22":{"line":256,"type":"if","locations":[{"start":{"line":256,"column":4},"end":{"line":256,"column":4}},{"start":{"line":256,"column":4},"end":{"line":256,"column":4}}]},"23":{"line":256,"type":"cond-expr","locations":[{"start":{"line":256,"column":8},"end":{"line":256,"column":16}},{"start":{"line":256,"column":21},"end":{"line":256,"column":29}}]},"24":{"line":264,"type":"if","locations":[{"start":{"line":264,"column":4},"end":{"line":264,"column":4}},{"start":{"line":264,"column":4},"end":{"line":264,"column":4}}]},"25":{"line":265,"type":"if","locations":[{"start":{"line":265,"column":4},"end":{"line":265,"column":4}},{"start":{"line":265,"column":4},"end":{"line":265,"column":4}}]},"26":{"line":271,"type":"if","locations":[{"start":{"line":271,"column":84},"end":{"line":271,"column":84}},{"start":{"line":271,"column":84},"end":{"line":271,"column":84}}]},"27":{"line":273,"type":"if","locations":[{"start":{"line":273,"column":4},"end":{"line":273,"column":4}},{"start":{"line":273,"column":4},"end":{"line":273,"column":4}}]},"28":{"line":281,"type":"if","locations":[{"start":{"line":281,"column":4},"end":{"line":281,"column":4}},{"start":{"line":281,"column":4},"end":{"line":281,"column":4}}]},"29":{"line":282,"type":"if","locations":[{"start":{"line":282,"column":6},"end":{"line":282,"column":6}},{"start":{"line":282,"column":6},"end":{"line":282,"column":6}}]},"30":{"line":292,"type":"if","locations":[{"start":{"line":292,"column":11},"end":{"line":292,"column":11}},{"start":{"line":292,"column":11},"end":{"line":292,"column":11}}]},"31":{"line":325,"type":"if","locations":[{"start":{"line":325,"column":4},"end":{"line":325,"column":4}},{"start":{"line":325,"column":4},"end":{"line":325,"column":4}}]},"32":{"line":328,"type":"if","locations":[{"start":{"line":328,"column":4},"end":{"line":328,"column":4}},{"start":{"line":328,"column":4},"end":{"line":328,"column":4}}]},"33":{"line":328,"type":"cond-expr","locations":[{"start":{"line":328,"column":8},"end":{"line":328,"column":16}},{"start":{"line":328,"column":21},"end":{"line":328,"column":29}}]},"34":{"line":328,"type":"cond-expr","locations":[{"start":{"line":328,"column":8},"end":{"line":328,"column":29}},{"start":{"line":328,"column":34},"end":{"line":328,"column":42}}]},"35":{"line":337,"type":"if","locations":[{"start":{"line":337,"column":4},"end":{"line":337,"column":4}},{"start":{"line":337,"column":4},"end":{"line":337,"column":4}}]},"36":{"line":347,"type":"if","locations":[{"start":{"line":347,"column":82},"end":{"line":347,"column":82}},{"start":{"line":347,"column":82},"end":{"line":347,"column":82}}]},"37":{"line":347,"type":"if","locations":[{"start":{"line":347,"column":92},"end":{"line":347,"column":92}},{"start":{"line":347,"column":92},"end":{"line":347,"column":92}}]},"38":{"line":348,"type":"if","locations":[{"start":{"line":348,"column":4},"end":{"line":348,"column":4}},{"start":{"line":348,"column":4},"end":{"line":348,"column":4}}]},"39":{"line":349,"type":"if","locations":[{"start":{"line":349,"column":4},"end":{"line":349,"column":4}},{"start":{"line":349,"column":4},"end":{"line":349,"column":4}}]},"40":{"line":350,"type":"if","locations":[{"start":{"line":350,"column":4},"end":{"line":350,"column":4}},{"start":{"line":350,"column":4},"end":{"line":350,"column":4}}]},"41":{"line":361,"type":"if","locations":[{"start":{"line":361,"column":80},"end":{"line":361,"column":80}},{"start":{"line":361,"column":80},"end":{"line":361,"column":80}}]},"42":{"line":362,"type":"if","locations":[{"start":{"line":362,"column":4},"end":{"line":362,"column":4}},{"start":{"line":362,"column":4},"end":{"line":362,"column":4}}]},"43":{"line":363,"type":"if","locations":[{"start":{"line":363,"column":4},"end":{"line":363,"column":4}},{"start":{"line":363,"column":4},"end":{"line":363,"column":4}}]},"44":{"line":364,"type":"if","locations":[{"start":{"line":364,"column":4},"end":{"line":364,"column":4}},{"start":{"line":364,"column":4},"end":{"line":364,"column":4}}]},"45":{"line":369,"type":"if","locations":[{"start":{"line":369,"column":4},"end":{"line":369,"column":4}},{"start":{"line":369,"column":4},"end":{"line":369,"column":4}}]},"46":{"line":372,"type":"if","locations":[{"start":{"line":372,"column":4},"end":{"line":372,"column":4}},{"start":{"line":372,"column":4},"end":{"line":372,"column":4}}]},"47":{"line":374,"type":"if","locations":[{"start":{"line":374,"column":6},"end":{"line":374,"column":6}},{"start":{"line":374,"column":6},"end":{"line":374,"column":6}}]},"48":{"line":382,"type":"if","locations":[{"start":{"line":382,"column":4},"end":{"line":382,"column":4}},{"start":{"line":382,"column":4},"end":{"line":382,"column":4}}]},"49":{"line":385,"type":"if","locations":[{"start":{"line":385,"column":4},"end":{"line":385,"column":4}},{"start":{"line":385,"column":4},"end":{"line":385,"column":4}}]},"50":{"line":386,"type":"if","locations":[{"start":{"line":386,"column":4},"end":{"line":386,"column":4}},{"start":{"line":386,"column":4},"end":{"line":386,"column":4}}]},"51":{"line":387,"type":"if","locations":[{"start":{"line":387,"column":4},"end":{"line":387,"column":4}},{"start":{"line":387,"column":4},"end":{"line":387,"column":4}}]},"52":{"line":388,"type":"if","locations":[{"start":{"line":388,"column":4},"end":{"line":388,"column":4}},{"start":{"line":388,"column":4},"end":{"line":388,"column":4}}]},"53":{"line":395,"type":"if","locations":[{"start":{"line":395,"column":4},"end":{"line":395,"column":4}},{"start":{"line":395,"column":4},"end":{"line":395,"column":4}}]}}}}
