TN:
SF:/Users/francescosullo/Projects/Ape/turnup-contracts/contracts/Lock.sol
FN:13,constructor
FN:21,withdraw
FNF:2
FNH:2
FNDA:13,constructor
FNDA:3,withdraw
DA:14,13
DA:16,12
DA:17,12
DA:25,3
DA:26,2
DA:28,1
DA:30,1
LF:7
LH:7
BRDA:14,1,0,12
BRDA:14,1,1,1
BRDA:25,2,0,2
BRDA:25,2,1,1
BRDA:26,3,0,1
BRDA:26,3,1,1
BRF:6
BRH:6
end_of_record
TN:
SF:/Users/francescosullo/Projects/Ape/turnup-contracts/contracts/TurnupSharesV4.sol
FN:81,onlyIfSetup
FN:88,initialize
FN:92,getVer
FN:100,getWishBalanceOf
FN:106,setFeeDestination
FN:113,setProtocolFeePercent
FN:119,setSubjectFeePercent
FN:127,getPrice
FN:139,getSupply
FN:154,getBuyPrice
FN:163,getSellPrice
FN:173,getBuyPriceAfterFee
FN:184,getSellPriceAfterFee
FN:193,getProtocolFee
FN:199,getSubjectFee
FN:206,buyShares
FN:248,_sendBuyFunds
FN:261,_checkBalance
FN:269,sellShares
FN:319,_sendSellFunds
FN:334,batchBuyShares
FN:345,newWishPass
FN:359,bindWishPass
FN:378,claimReservedWishPass
FNF:24
FNH:24
FNDA:32,onlyIfSetup
FNDA:63,initialize
FNDA:21,getVer
FNDA:7,getWishBalanceOf
FNDA:17,setFeeDestination
FNDA:16,setProtocolFeePercent
FNDA:16,setSubjectFeePercent
FNDA:49,getPrice
FNDA:49,getSupply
FNDA:21,getBuyPrice
FNDA:7,getSellPrice
FNDA:13,getBuyPriceAfterFee
FNDA:4,getSellPriceAfterFee
FNDA:47,getProtocolFee
FNDA:47,getSubjectFee
FNDA:15,buyShares
FNDA:16,_sendBuyFunds
FNDA:6,_checkBalance
FNDA:6,sellShares
FNDA:4,_sendSellFunds
FNDA:1,batchBuyShares
FNDA:11,newWishPass
FNDA:7,bindWishPass
FNDA:1,claimReservedWishPass
DA:82,32
DA:83,32
DA:84,32
DA:85,32
DA:89,63
DA:93,21
DA:101,7
DA:107,17
DA:108,17
DA:114,16
DA:120,16
DA:128,49
DA:129,49
DA:132,49
DA:133,49
DA:140,49
DA:141,10
DA:143,2
DA:144,2
DA:146,37
DA:155,21
DA:156,21
DA:164,7
DA:165,7
DA:166,6
DA:174,13
DA:175,13
DA:176,13
DA:177,13
DA:185,4
DA:186,4
DA:187,4
DA:188,4
DA:194,47
DA:200,47
DA:207,15
DA:209,15
DA:211,15
DA:212,15
DA:213,15
DA:216,15
DA:218,15
DA:220,15
DA:221,4
DA:222,4
DA:223,4
DA:224,4
DA:225,4
DA:226,4
DA:228,1
DA:229,1
DA:230,1
DA:231,1
DA:232,1
DA:234,10
DA:235,10
DA:236,10
DA:237,10
DA:240,15
DA:249,16
DA:250,16
DA:251,16
DA:252,12
DA:254,16
DA:262,6
DA:263,5
DA:270,6
DA:271,6
DA:273,6
DA:274,6
DA:275,6
DA:277,6
DA:279,6
DA:280,1
DA:281,1
DA:282,1
DA:284,1
DA:285,1
DA:286,1
DA:287,1
DA:289,1
DA:291,0
DA:292,0
DA:293,0
DA:295,0
DA:296,0
DA:297,0
DA:299,0
DA:301,5
DA:302,5
DA:304,3
DA:305,3
DA:306,3
DA:307,3
DA:310,4
DA:320,4
DA:321,4
DA:322,4
DA:323,4
DA:324,3
DA:326,4
DA:335,1
DA:336,1
DA:337,2
DA:346,11
DA:347,11
DA:348,11
DA:350,11
DA:351,11
DA:352,11
DA:360,7
DA:361,5
DA:362,5
DA:364,4
DA:365,4
DA:367,4
DA:368,4
DA:370,4
DA:371,0
DA:372,0
DA:379,1
DA:381,1
DA:383,1
DA:384,1
DA:385,1
DA:386,1
DA:389,1
DA:390,1
DA:391,1
DA:392,1
DA:394,1
DA:396,1
DA:397,1
DA:399,1
DA:401,1
DA:402,1
LF:136
LH:127
BRDA:82,1,0,0
BRDA:82,1,1,32
BRDA:83,2,0,0
BRDA:83,2,1,32
BRDA:84,3,0,0
BRDA:84,3,1,32
BRDA:88,4,0,63
BRDA:88,4,1,0
BRDA:106,5,0,17
BRDA:106,5,1,1
BRDA:107,6,0,0
BRDA:107,6,1,17
BRDA:113,7,0,16
BRDA:113,7,1,0
BRDA:119,8,0,16
BRDA:119,8,1,0
BRDA:128,9,0,12
BRDA:128,9,1,37
BRDA:130,10,0,5
BRDA:130,10,1,44
BRDA:140,11,0,10
BRDA:140,11,1,39
BRDA:142,12,0,2
BRDA:142,12,1,37
BRDA:165,13,0,1
BRDA:165,13,1,6
BRDA:206,14,0,15
BRDA:206,14,1,0
BRDA:209,15,0,0
BRDA:209,15,1,15
BRDA:216,16,0,0
BRDA:216,16,1,15
BRDA:220,17,0,4
BRDA:220,17,1,11
BRDA:221,18,0,0
BRDA:221,18,1,4
BRDA:227,19,0,1
BRDA:227,19,1,10
BRDA:251,20,0,12
BRDA:251,20,1,4
BRDA:254,21,0,0
BRDA:254,21,1,16
BRDA:254,22,0,0
BRDA:254,22,1,0
BRDA:262,23,0,1
BRDA:262,23,1,5
BRDA:263,24,0,1
BRDA:263,24,1,4
BRDA:269,25,0,6
BRDA:269,25,1,0
BRDA:271,26,0,0
BRDA:271,26,1,6
BRDA:279,27,0,1
BRDA:279,27,1,5
BRDA:280,28,0,0
BRDA:280,28,1,1
BRDA:290,29,0,0
BRDA:290,29,1,5
BRDA:323,30,0,3
BRDA:323,30,1,1
BRDA:326,31,0,0
BRDA:326,31,1,4
BRDA:326,32,0,0
BRDA:326,32,1,0
BRDA:326,33,0,0
BRDA:326,33,1,0
BRDA:335,34,0,0
BRDA:335,34,1,1
BRDA:345,35,0,11
BRDA:345,35,1,0
BRDA:345,36,0,11
BRDA:345,36,1,0
BRDA:346,37,0,0
BRDA:346,37,1,11
BRDA:346,38,0,0
BRDA:346,38,1,0
BRDA:347,39,0,0
BRDA:347,39,1,11
BRDA:348,40,0,0
BRDA:348,40,1,11
BRDA:359,41,0,7
BRDA:359,41,1,1
BRDA:360,42,0,2
BRDA:360,42,1,5
BRDA:360,43,0,1
BRDA:360,43,1,1
BRDA:361,44,0,0
BRDA:361,44,1,5
BRDA:362,45,0,1
BRDA:362,45,1,4
BRDA:367,46,0,0
BRDA:367,46,1,4
BRDA:370,47,0,0
BRDA:370,47,1,4
BRDA:372,48,0,0
BRDA:372,48,1,0
BRDA:381,49,0,0
BRDA:381,49,1,1
BRDA:384,50,0,0
BRDA:384,50,1,1
BRDA:385,51,0,0
BRDA:385,51,1,1
BRDA:386,52,0,0
BRDA:386,52,1,1
BRDA:394,53,0,0
BRDA:394,53,1,1
BRF:106
BRH:65
end_of_record
