TN:
SF:/Users/francescosullo/Projects/Ape/turnup-contracts/contracts/Lock.sol
FN:13,constructor
FN:21,withdraw
FNF:2
FNH:2
FNDA:13,constructor
FNDA:3,withdraw
DA:14,13
DA:16,12
DA:17,12
DA:25,3
DA:26,2
DA:28,1
DA:30,1
LF:7
LH:7
BRDA:14,1,0,12
BRDA:14,1,1,1
BRDA:25,2,0,2
BRDA:25,2,1,1
BRDA:26,3,0,1
BRDA:26,3,1,1
BRF:6
BRH:6
end_of_record
TN:
SF:/Users/francescosullo/Projects/Ape/turnup-contracts/contracts/TurnupSharesV3.sol
FN:80,onlyIfSetup
FN:87,initialize
FN:92,_authorizeUpgrade
FN:94,getVer
FN:100,setFeeDestination
FN:107,setProtocolFeePercent
FN:113,setSubjectFeePercent
FN:121,getPrice
FN:133,getSupply
FN:148,getBuyPrice
FN:157,getSellPrice
FN:167,getBuyPriceAfterFee
FN:178,getSellPriceAfterFee
FN:187,getProtocolFee
FN:193,getSubjectFee
FN:200,buyShares
FN:242,_sendBuyFunds
FN:255,_checkBalance
FN:263,sellShares
FN:313,_sendSellFunds
FN:328,batchBuyShares
FN:339,newWishPass
FN:353,bindWishPass
FN:372,claimReservedWishPass
FNF:24
FNH:20
FNDA:16,onlyIfSetup
FNDA:36,initialize
FNDA:0,_authorizeUpgrade
FNDA:12,getVer
FNDA:7,setFeeDestination
FNDA:7,setProtocolFeePercent
FNDA:7,setSubjectFeePercent
FNDA:34,getPrice
FNDA:35,getSupply
FNDA:14,getBuyPrice
FNDA:6,getSellPrice
FNDA:10,getBuyPriceAfterFee
FNDA:3,getSellPriceAfterFee
FNDA:32,getProtocolFee
FNDA:32,getSubjectFee
FNDA:10,buyShares
FNDA:10,_sendBuyFunds
FNDA:5,_checkBalance
FNDA:5,sellShares
FNDA:3,_sendSellFunds
FNDA:0,batchBuyShares
FNDA:1,newWishPass
FNDA:0,bindWishPass
FNDA:0,claimReservedWishPass
DA:81,16
DA:82,16
DA:83,16
DA:84,16
DA:88,36
DA:89,36
DA:95,12
DA:101,7
DA:102,7
DA:108,7
DA:114,7
DA:122,34
DA:123,34
DA:126,34
DA:127,34
DA:134,35
DA:135,0
DA:137,0
DA:138,0
DA:140,35
DA:149,14
DA:150,14
DA:158,6
DA:159,6
DA:160,5
DA:168,10
DA:169,10
DA:170,10
DA:171,10
DA:179,3
DA:180,3
DA:181,3
DA:182,3
DA:188,32
DA:194,32
DA:201,10
DA:203,10
DA:205,10
DA:206,10
DA:207,10
DA:210,10
DA:212,10
DA:214,10
DA:215,0
DA:216,0
DA:217,0
DA:218,0
DA:219,0
DA:220,0
DA:222,0
DA:223,0
DA:224,0
DA:225,0
DA:226,0
DA:228,10
DA:229,10
DA:230,10
DA:231,10
DA:234,10
DA:243,10
DA:244,10
DA:245,10
DA:246,10
DA:248,10
DA:256,5
DA:257,4
DA:264,5
DA:265,5
DA:267,5
DA:268,5
DA:269,5
DA:271,5
DA:273,5
DA:274,0
DA:275,0
DA:276,0
DA:278,0
DA:279,0
DA:280,0
DA:281,0
DA:283,0
DA:285,0
DA:286,0
DA:287,0
DA:289,0
DA:290,0
DA:291,0
DA:293,0
DA:295,5
DA:296,5
DA:298,3
DA:299,3
DA:300,3
DA:301,3
DA:304,3
DA:314,3
DA:315,3
DA:316,3
DA:317,3
DA:318,3
DA:320,3
DA:329,0
DA:330,0
DA:331,0
DA:340,1
DA:341,1
DA:342,1
DA:344,1
DA:345,1
DA:346,1
DA:354,0
DA:355,0
DA:356,0
DA:358,0
DA:359,0
DA:361,0
DA:362,0
DA:364,0
DA:365,0
DA:366,0
DA:373,0
DA:374,0
DA:376,0
DA:377,0
DA:378,0
DA:379,0
DA:380,0
DA:382,0
DA:383,0
DA:384,0
DA:385,0
DA:387,0
DA:389,0
DA:390,0
DA:392,0
DA:394,0
DA:395,0
LF:137
LH:78
BRDA:81,1,0,0
BRDA:81,1,1,16
BRDA:82,2,0,0
BRDA:82,2,1,16
BRDA:83,3,0,0
BRDA:83,3,1,16
BRDA:87,4,0,36
BRDA:87,4,1,0
BRDA:92,5,0,0
BRDA:92,5,1,1
BRDA:100,6,0,7
BRDA:100,6,1,1
BRDA:101,7,0,0
BRDA:101,7,1,7
BRDA:107,8,0,7
BRDA:107,8,1,0
BRDA:113,9,0,7
BRDA:113,9,1,0
BRDA:122,10,0,9
BRDA:122,10,1,25
BRDA:124,11,0,4
BRDA:124,11,1,30
BRDA:134,12,0,0
BRDA:134,12,1,35
BRDA:136,13,0,0
BRDA:136,13,1,35
BRDA:159,14,0,1
BRDA:159,14,1,5
BRDA:200,15,0,10
BRDA:200,15,1,0
BRDA:203,16,0,0
BRDA:203,16,1,10
BRDA:210,17,0,0
BRDA:210,17,1,10
BRDA:214,18,0,0
BRDA:214,18,1,10
BRDA:215,19,0,0
BRDA:215,19,1,0
BRDA:221,20,0,0
BRDA:221,20,1,10
BRDA:245,21,0,10
BRDA:245,21,1,0
BRDA:248,22,0,0
BRDA:248,22,1,10
BRDA:248,23,0,0
BRDA:248,23,1,0
BRDA:256,24,0,1
BRDA:256,24,1,4
BRDA:257,25,0,1
BRDA:257,25,1,3
BRDA:263,26,0,5
BRDA:263,26,1,0
BRDA:265,27,0,0
BRDA:265,27,1,5
BRDA:273,28,0,0
BRDA:273,28,1,5
BRDA:274,29,0,0
BRDA:274,29,1,0
BRDA:284,30,0,0
BRDA:284,30,1,5
BRDA:317,31,0,3
BRDA:317,31,1,0
BRDA:320,32,0,0
BRDA:320,32,1,3
BRDA:320,33,0,0
BRDA:320,33,1,0
BRDA:320,34,0,0
BRDA:320,34,1,0
BRDA:329,35,0,0
BRDA:329,35,1,0
BRDA:339,36,0,1
BRDA:339,36,1,0
BRDA:339,37,0,1
BRDA:339,37,1,0
BRDA:340,38,0,0
BRDA:340,38,1,1
BRDA:341,39,0,0
BRDA:341,39,1,1
BRDA:342,40,0,0
BRDA:342,40,1,1
BRDA:353,41,0,0
BRDA:353,41,1,0
BRDA:354,42,0,0
BRDA:354,42,1,0
BRDA:355,43,0,0
BRDA:355,43,1,0
BRDA:356,44,0,0
BRDA:356,44,1,0
BRDA:361,45,0,0
BRDA:361,45,1,0
BRDA:364,46,0,0
BRDA:364,46,1,0
BRDA:366,47,0,0
BRDA:366,47,1,0
BRDA:374,48,0,0
BRDA:374,48,1,0
BRDA:377,49,0,0
BRDA:377,49,1,0
BRDA:378,50,0,0
BRDA:378,50,1,0
BRDA:379,51,0,0
BRDA:379,51,1,0
BRDA:380,52,0,0
BRDA:380,52,1,0
BRDA:387,53,0,0
BRDA:387,53,1,0
BRF:106
BRH:40
end_of_record
